10:36:15.161 [restartedMain] INFO  com.hh.perman.PermanApplication - Starting PermanApplication on DESKTOP-356QCKB with PID 4316 (C:\Users\dream\IdeaProjects\perman\target\classes started by dream in C:\Users\dream\IdeaProjects\perman)
10:36:15.179 [restartedMain] INFO  com.hh.perman.PermanApplication - No active profile set, falling back to default profiles: default
10:36:15.262 [restartedMain] INFO  org.springframework.boot.devtools.env.DevToolsPropertyDefaultsPostProcessor - Devtools property defaults active! Set 'spring.devtools.add-properties' to 'false' to disable
10:36:15.262 [restartedMain] INFO  org.springframework.boot.devtools.env.DevToolsPropertyDefaultsPostProcessor - For additional web related logging consider setting the 'logging.level.web' property to 'DEBUG'
10:36:16.272 [restartedMain] INFO  org.springframework.data.repository.config.RepositoryConfigurationDelegate - Bootstrapping Spring Data JPA repositories in DEFERRED mode.
10:36:16.294 [restartedMain] INFO  org.springframework.data.repository.config.RepositoryConfigurationDelegate - Finished Spring Data repository scanning in 15ms. Found 0 JPA repository interfaces.
10:36:16.894 [restartedMain] INFO  org.springframework.boot.web.embedded.tomcat.TomcatWebServer - Tomcat initialized with port(s): 9999 (http)
10:36:16.903 [restartedMain] INFO  org.apache.coyote.http11.Http11NioProtocol - Initializing ProtocolHandler ["http-nio-9999"]
10:36:16.903 [restartedMain] INFO  org.apache.catalina.core.StandardService - Starting service [Tomcat]
10:36:16.904 [restartedMain] INFO  org.apache.catalina.core.StandardEngine - Starting Servlet engine: [Apache Tomcat/9.0.36]
10:36:17.030 [restartedMain] INFO  org.apache.catalina.core.ContainerBase.[Tomcat].[localhost].[/] - Initializing Spring embedded WebApplicationContext
10:36:17.031 [restartedMain] INFO  org.springframework.boot.web.servlet.context.ServletWebServerApplicationContext - Root WebApplicationContext: initialization completed in 1767 ms
10:36:17.336 [restartedMain] INFO  org.springframework.scheduling.concurrent.ThreadPoolTaskExecutor - Initializing ExecutorService 'applicationTaskExecutor'
10:36:17.384 [task-1] INFO  org.hibernate.jpa.internal.util.LogHelper - HHH000204: Processing PersistenceUnitInfo [name: default]
10:36:17.414 [restartedMain] WARN  org.springframework.boot.autoconfigure.orm.jpa.JpaBaseConfiguration$JpaWebConfiguration - spring.jpa.open-in-view is enabled by default. Therefore, database queries may be performed during view rendering. Explicitly configure spring.jpa.open-in-view to disable this warning
10:36:17.447 [task-1] INFO  org.hibernate.Version - HHH000412: Hibernate ORM core version 5.4.17.Final
10:36:17.635 [task-1] INFO  org.hibernate.annotations.common.Version - HCANN000001: Hibernate Commons Annotations {5.1.0.Final}
10:36:17.675 [restartedMain] WARN  org.springframework.boot.autoconfigure.thymeleaf.ThymeleafAutoConfiguration$DefaultTemplateResolverConfiguration - Cannot find template location: classpath:/templates/ (please add some templates or check your Thymeleaf configuration)
10:36:17.800 [task-1] INFO  com.alibaba.druid.pool.DruidDataSource - {dataSource-1} inited
10:36:18.973 [task-1] INFO  org.hibernate.dialect.Dialect - HHH000400: Using dialect: org.hibernate.dialect.MySQL5Dialect
10:36:19.257 [task-1] INFO  org.hibernate.engine.transaction.jta.platform.internal.JtaPlatformInitiator - HHH000490: Using JtaPlatform implementation: [org.hibernate.engine.transaction.jta.platform.internal.NoJtaPlatform]
10:36:19.269 [task-1] INFO  org.springframework.orm.jpa.LocalContainerEntityManagerFactoryBean - Initialized JPA EntityManagerFactory for persistence unit 'default'
10:36:19.292 [task-2] INFO  org.springframework.boot.devtools.autoconfigure.OptionalLiveReloadServer - LiveReload server is running on port 35729
10:36:19.377 [restartedMain] INFO  org.quartz.impl.StdSchedulerFactory - Using default implementation for ThreadExecutor
10:36:19.392 [restartedMain] INFO  org.quartz.core.SchedulerSignalerImpl - Initialized Scheduler Signaller of type: class org.quartz.core.SchedulerSignalerImpl
10:36:19.392 [restartedMain] INFO  org.quartz.core.QuartzScheduler - Quartz Scheduler v.2.3.2 created.
10:36:19.393 [restartedMain] INFO  org.quartz.simpl.RAMJobStore - RAMJobStore initialized.
10:36:19.394 [restartedMain] INFO  org.quartz.core.QuartzScheduler - Scheduler meta-data: Quartz Scheduler (v2.3.2) 'quartzScheduler' with instanceId 'NON_CLUSTERED'
  Scheduler class: 'org.quartz.core.QuartzScheduler' - running locally.
  NOT STARTED.
  Currently in standby mode.
  Number of jobs executed: 0
  Using thread pool 'org.quartz.simpl.SimpleThreadPool' - with 10 threads.
  Using job-store 'org.quartz.simpl.RAMJobStore' - which does not support persistence. and is not clustered.

10:36:19.394 [restartedMain] INFO  org.quartz.impl.StdSchedulerFactory - Quartz scheduler 'quartzScheduler' initialized from an externally provided properties instance.
10:36:19.394 [restartedMain] INFO  org.quartz.impl.StdSchedulerFactory - Quartz scheduler version: 2.3.2
10:36:19.394 [restartedMain] INFO  org.quartz.core.QuartzScheduler - JobFactory set to: org.springframework.scheduling.quartz.SpringBeanJobFactory@3ae498dc
10:36:19.422 [restartedMain] INFO  org.springframework.boot.actuate.endpoint.web.EndpointLinksResolver - Exposing 2 endpoint(s) beneath base path '/actuator'
10:36:19.526 [restartedMain] INFO  org.apache.coyote.http11.Http11NioProtocol - Starting ProtocolHandler ["http-nio-9999"]
10:36:19.548 [restartedMain] INFO  org.springframework.boot.web.embedded.tomcat.TomcatWebServer - Tomcat started on port(s): 9999 (http) with context path ''
10:36:19.549 [restartedMain] INFO  org.springframework.scheduling.quartz.SchedulerFactoryBean - Starting Quartz Scheduler now
10:36:19.550 [restartedMain] INFO  org.quartz.core.QuartzScheduler - Scheduler quartzScheduler_$_NON_CLUSTERED started.
10:36:19.550 [restartedMain] INFO  org.springframework.data.repository.config.DeferredRepositoryInitializationListener - Triggering deferred initialization of Spring Data repositories…
10:36:19.551 [restartedMain] INFO  org.springframework.data.repository.config.DeferredRepositoryInitializationListener - Spring Data repositories initialized!
10:36:19.564 [restartedMain] INFO  com.hh.perman.PermanApplication - Started PermanApplication in 4.805 seconds (JVM running for 7.165)
10:36:19.964 [RMI TCP Connection(1)-172.23.135.3] INFO  org.springframework.amqp.rabbit.connection.CachingConnectionFactory - Attempting to connect to: [localhost:5672]
10:36:20.801 [RMI TCP Connection(2)-172.23.135.3] INFO  org.apache.catalina.core.ContainerBase.[Tomcat].[localhost].[/] - Initializing Spring DispatcherServlet 'dispatcherServlet'
10:36:20.802 [RMI TCP Connection(2)-172.23.135.3] INFO  org.springframework.web.servlet.DispatcherServlet - Initializing Servlet 'dispatcherServlet'
10:36:20.812 [RMI TCP Connection(2)-172.23.135.3] INFO  org.springframework.web.servlet.DispatcherServlet - Completed initialization in 10 ms
10:36:23.999 [RMI TCP Connection(1)-172.23.135.3] WARN  org.springframework.boot.actuate.amqp.RabbitHealthIndicator - Rabbit health check failed
org.springframework.amqp.AmqpConnectException: java.net.ConnectException: Connection refused: connect
	at org.springframework.amqp.rabbit.support.RabbitExceptionTranslator.convertRabbitAccessException(RabbitExceptionTranslator.java:61) ~[spring-rabbit-2.2.7.RELEASE.jar:2.2.7.RELEASE]
	at org.springframework.amqp.rabbit.connection.AbstractConnectionFactory.createBareConnection(AbstractConnectionFactory.java:524) ~[spring-rabbit-2.2.7.RELEASE.jar:2.2.7.RELEASE]
	at org.springframework.amqp.rabbit.connection.CachingConnectionFactory.createConnection(CachingConnectionFactory.java:751) ~[spring-rabbit-2.2.7.RELEASE.jar:2.2.7.RELEASE]
	at org.springframework.amqp.rabbit.connection.ConnectionFactoryUtils.createConnection(ConnectionFactoryUtils.java:214) ~[spring-rabbit-2.2.7.RELEASE.jar:2.2.7.RELEASE]
	at org.springframework.amqp.rabbit.core.RabbitTemplate.doExecute(RabbitTemplate.java:2089) ~[spring-rabbit-2.2.7.RELEASE.jar:2.2.7.RELEASE]
	at org.springframework.amqp.rabbit.core.RabbitTemplate.execute(RabbitTemplate.java:2062) ~[spring-rabbit-2.2.7.RELEASE.jar:2.2.7.RELEASE]
	at org.springframework.amqp.rabbit.core.RabbitTemplate.execute(RabbitTemplate.java:2042) ~[spring-rabbit-2.2.7.RELEASE.jar:2.2.7.RELEASE]
	at org.springframework.boot.actuate.amqp.RabbitHealthIndicator.getVersion(RabbitHealthIndicator.java:49) ~[spring-boot-actuator-2.3.1.RELEASE.jar:2.3.1.RELEASE]
	at org.springframework.boot.actuate.amqp.RabbitHealthIndicator.doHealthCheck(RabbitHealthIndicator.java:44) ~[spring-boot-actuator-2.3.1.RELEASE.jar:2.3.1.RELEASE]
	at org.springframework.boot.actuate.health.AbstractHealthIndicator.health(AbstractHealthIndicator.java:82) ~[spring-boot-actuator-2.3.1.RELEASE.jar:2.3.1.RELEASE]
	at org.springframework.boot.actuate.health.HealthIndicator.getHealth(HealthIndicator.java:37) ~[spring-boot-actuator-2.3.1.RELEASE.jar:2.3.1.RELEASE]
	at org.springframework.boot.actuate.health.HealthEndpoint.getHealth(HealthEndpoint.java:71) ~[spring-boot-actuator-2.3.1.RELEASE.jar:2.3.1.RELEASE]
	at org.springframework.boot.actuate.health.HealthEndpoint.getHealth(HealthEndpoint.java:39) ~[spring-boot-actuator-2.3.1.RELEASE.jar:2.3.1.RELEASE]
	at org.springframework.boot.actuate.health.HealthEndpointSupport.getContribution(HealthEndpointSupport.java:99) ~[spring-boot-actuator-2.3.1.RELEASE.jar:2.3.1.RELEASE]
	at org.springframework.boot.actuate.health.HealthEndpointSupport.getAggregateHealth(HealthEndpointSupport.java:110) ~[spring-boot-actuator-2.3.1.RELEASE.jar:2.3.1.RELEASE]
	at org.springframework.boot.actuate.health.HealthEndpointSupport.getContribution(HealthEndpointSupport.java:96) ~[spring-boot-actuator-2.3.1.RELEASE.jar:2.3.1.RELEASE]
	at org.springframework.boot.actuate.health.HealthEndpointSupport.getHealth(HealthEndpointSupport.java:74) ~[spring-boot-actuator-2.3.1.RELEASE.jar:2.3.1.RELEASE]
	at org.springframework.boot.actuate.health.HealthEndpointSupport.getHealth(HealthEndpointSupport.java:61) ~[spring-boot-actuator-2.3.1.RELEASE.jar:2.3.1.RELEASE]
	at org.springframework.boot.actuate.health.HealthEndpoint.health(HealthEndpoint.java:65) ~[spring-boot-actuator-2.3.1.RELEASE.jar:2.3.1.RELEASE]
	at org.springframework.boot.actuate.health.HealthEndpoint.health(HealthEndpoint.java:55) ~[spring-boot-actuator-2.3.1.RELEASE.jar:2.3.1.RELEASE]
	at sun.reflect.NativeMethodAccessorImpl.invoke0(Native Method) ~[?:1.8.0_191]
	at sun.reflect.NativeMethodAccessorImpl.invoke(NativeMethodAccessorImpl.java:62) ~[?:1.8.0_191]
	at sun.reflect.DelegatingMethodAccessorImpl.invoke(DelegatingMethodAccessorImpl.java:43) ~[?:1.8.0_191]
	at java.lang.reflect.Method.invoke(Method.java:498) ~[?:1.8.0_191]
	at org.springframework.util.ReflectionUtils.invokeMethod(ReflectionUtils.java:282) ~[spring-core-5.2.7.RELEASE.jar:5.2.7.RELEASE]
	at org.springframework.boot.actuate.endpoint.invoke.reflect.ReflectiveOperationInvoker.invoke(ReflectiveOperationInvoker.java:77) ~[spring-boot-actuator-2.3.1.RELEASE.jar:2.3.1.RELEASE]
	at org.springframework.boot.actuate.endpoint.annotation.AbstractDiscoveredOperation.invoke(AbstractDiscoveredOperation.java:60) ~[spring-boot-actuator-2.3.1.RELEASE.jar:2.3.1.RELEASE]
	at org.springframework.boot.actuate.endpoint.jmx.EndpointMBean.invoke(EndpointMBean.java:121) ~[spring-boot-actuator-2.3.1.RELEASE.jar:2.3.1.RELEASE]
	at org.springframework.boot.actuate.endpoint.jmx.EndpointMBean.invoke(EndpointMBean.java:96) ~[spring-boot-actuator-2.3.1.RELEASE.jar:2.3.1.RELEASE]
	at com.sun.jmx.interceptor.DefaultMBeanServerInterceptor.invoke(DefaultMBeanServerInterceptor.java:819) ~[?:1.8.0_191]
	at com.sun.jmx.mbeanserver.JmxMBeanServer.invoke(JmxMBeanServer.java:801) ~[?:1.8.0_191]
	at javax.management.remote.rmi.RMIConnectionImpl.doOperation(RMIConnectionImpl.java:1468) ~[?:1.8.0_191]
	at javax.management.remote.rmi.RMIConnectionImpl.access$300(RMIConnectionImpl.java:76) ~[?:1.8.0_191]
	at javax.management.remote.rmi.RMIConnectionImpl$PrivilegedOperation.run(RMIConnectionImpl.java:1309) ~[?:1.8.0_191]
	at javax.management.remote.rmi.RMIConnectionImpl.doPrivilegedOperation(RMIConnectionImpl.java:1401) ~[?:1.8.0_191]
	at javax.management.remote.rmi.RMIConnectionImpl.invoke(RMIConnectionImpl.java:829) ~[?:1.8.0_191]
	at sun.reflect.NativeMethodAccessorImpl.invoke0(Native Method) ~[?:1.8.0_191]
	at sun.reflect.NativeMethodAccessorImpl.invoke(NativeMethodAccessorImpl.java:62) ~[?:1.8.0_191]
	at sun.reflect.DelegatingMethodAccessorImpl.invoke(DelegatingMethodAccessorImpl.java:43) ~[?:1.8.0_191]
	at java.lang.reflect.Method.invoke(Method.java:498) ~[?:1.8.0_191]
	at sun.rmi.server.UnicastServerRef.dispatch(UnicastServerRef.java:357) ~[?:1.8.0_191]
	at sun.rmi.transport.Transport$1.run(Transport.java:200) ~[?:1.8.0_191]
	at sun.rmi.transport.Transport$1.run(Transport.java:197) ~[?:1.8.0_191]
	at java.security.AccessController.doPrivileged(Native Method) ~[?:1.8.0_191]
	at sun.rmi.transport.Transport.serviceCall(Transport.java:196) ~[?:1.8.0_191]
	at sun.rmi.transport.tcp.TCPTransport.handleMessages(TCPTransport.java:573) ~[?:1.8.0_191]
	at sun.rmi.transport.tcp.TCPTransport$ConnectionHandler.run0(TCPTransport.java:834) ~[?:1.8.0_191]
	at sun.rmi.transport.tcp.TCPTransport$ConnectionHandler.lambda$run$0(TCPTransport.java:688) ~[?:1.8.0_191]
	at java.security.AccessController.doPrivileged(Native Method) ~[?:1.8.0_191]
	at sun.rmi.transport.tcp.TCPTransport$ConnectionHandler.run(TCPTransport.java:687) [?:1.8.0_191]
	at java.util.concurrent.ThreadPoolExecutor.runWorker(ThreadPoolExecutor.java:1149) [?:1.8.0_191]
	at java.util.concurrent.ThreadPoolExecutor$Worker.run(ThreadPoolExecutor.java:624) [?:1.8.0_191]
	at java.lang.Thread.run(Thread.java:748) [?:1.8.0_191]
Caused by: java.net.ConnectException: Connection refused: connect
	at java.net.DualStackPlainSocketImpl.waitForConnect(Native Method) ~[?:1.8.0_191]
	at java.net.DualStackPlainSocketImpl.socketConnect(DualStackPlainSocketImpl.java:85) ~[?:1.8.0_191]
	at java.net.AbstractPlainSocketImpl.doConnect(AbstractPlainSocketImpl.java:350) ~[?:1.8.0_191]
	at java.net.AbstractPlainSocketImpl.connectToAddress(AbstractPlainSocketImpl.java:206) ~[?:1.8.0_191]
	at java.net.AbstractPlainSocketImpl.connect(AbstractPlainSocketImpl.java:188) ~[?:1.8.0_191]
	at java.net.PlainSocketImpl.connect(PlainSocketImpl.java:172) ~[?:1.8.0_191]
	at java.net.SocksSocketImpl.connect(SocksSocketImpl.java:392) ~[?:1.8.0_191]
	at java.net.Socket.connect(Socket.java:589) ~[?:1.8.0_191]
	at com.rabbitmq.client.impl.SocketFrameHandlerFactory.create(SocketFrameHandlerFactory.java:60) ~[amqp-client-5.9.0.jar:5.9.0]
	at com.rabbitmq.client.ConnectionFactory.newConnection(ConnectionFactory.java:1137) ~[amqp-client-5.9.0.jar:5.9.0]
	at com.rabbitmq.client.ConnectionFactory.newConnection(ConnectionFactory.java:1087) ~[amqp-client-5.9.0.jar:5.9.0]
	at org.springframework.amqp.rabbit.connection.AbstractConnectionFactory.connectAddresses(AbstractConnectionFactory.java:560) ~[spring-rabbit-2.2.7.RELEASE.jar:2.2.7.RELEASE]
	at org.springframework.amqp.rabbit.connection.AbstractConnectionFactory.connect(AbstractConnectionFactory.java:533) ~[spring-rabbit-2.2.7.RELEASE.jar:2.2.7.RELEASE]
	at org.springframework.amqp.rabbit.connection.AbstractConnectionFactory.createBareConnection(AbstractConnectionFactory.java:487) ~[spring-rabbit-2.2.7.RELEASE.jar:2.2.7.RELEASE]
	... 51 more
10:37:14.583 [restartedMain] INFO  com.hh.perman.PermanApplication - Starting PermanApplication on DESKTOP-356QCKB with PID 21312 (C:\Users\dream\IdeaProjects\perman\target\classes started by dream in C:\Users\dream\IdeaProjects\perman)
10:37:14.595 [restartedMain] INFO  com.hh.perman.PermanApplication - No active profile set, falling back to default profiles: default
10:37:14.673 [restartedMain] INFO  org.springframework.boot.devtools.env.DevToolsPropertyDefaultsPostProcessor - Devtools property defaults active! Set 'spring.devtools.add-properties' to 'false' to disable
10:37:14.674 [restartedMain] INFO  org.springframework.boot.devtools.env.DevToolsPropertyDefaultsPostProcessor - For additional web related logging consider setting the 'logging.level.web' property to 'DEBUG'
10:37:15.710 [restartedMain] INFO  org.springframework.data.repository.config.RepositoryConfigurationDelegate - Bootstrapping Spring Data JPA repositories in DEFERRED mode.
10:37:15.733 [restartedMain] INFO  org.springframework.data.repository.config.RepositoryConfigurationDelegate - Finished Spring Data repository scanning in 15ms. Found 0 JPA repository interfaces.
10:37:16.346 [restartedMain] INFO  org.springframework.boot.web.embedded.tomcat.TomcatWebServer - Tomcat initialized with port(s): 9999 (http)
10:37:16.354 [restartedMain] INFO  org.apache.coyote.http11.Http11NioProtocol - Initializing ProtocolHandler ["http-nio-9999"]
10:37:16.355 [restartedMain] INFO  org.apache.catalina.core.StandardService - Starting service [Tomcat]
10:37:16.355 [restartedMain] INFO  org.apache.catalina.core.StandardEngine - Starting Servlet engine: [Apache Tomcat/9.0.36]
10:37:16.484 [restartedMain] INFO  org.apache.catalina.core.ContainerBase.[Tomcat].[localhost].[/] - Initializing Spring embedded WebApplicationContext
10:37:16.484 [restartedMain] INFO  org.springframework.boot.web.servlet.context.ServletWebServerApplicationContext - Root WebApplicationContext: initialization completed in 1810 ms
10:37:16.784 [restartedMain] INFO  org.springframework.scheduling.concurrent.ThreadPoolTaskExecutor - Initializing ExecutorService 'applicationTaskExecutor'
10:37:16.824 [task-1] INFO  org.hibernate.jpa.internal.util.LogHelper - HHH000204: Processing PersistenceUnitInfo [name: default]
10:37:16.854 [restartedMain] WARN  org.springframework.boot.autoconfigure.orm.jpa.JpaBaseConfiguration$JpaWebConfiguration - spring.jpa.open-in-view is enabled by default. Therefore, database queries may be performed during view rendering. Explicitly configure spring.jpa.open-in-view to disable this warning
10:37:16.871 [task-1] INFO  org.hibernate.Version - HHH000412: Hibernate ORM core version 5.4.17.Final
10:37:17.020 [task-1] INFO  org.hibernate.annotations.common.Version - HCANN000001: Hibernate Commons Annotations {5.1.0.Final}
10:37:17.098 [restartedMain] WARN  org.springframework.boot.autoconfigure.thymeleaf.ThymeleafAutoConfiguration$DefaultTemplateResolverConfiguration - Cannot find template location: classpath:/templates/ (please add some templates or check your Thymeleaf configuration)
10:37:17.162 [task-1] INFO  com.alibaba.druid.pool.DruidDataSource - {dataSource-1} inited
10:37:18.258 [task-1] INFO  org.hibernate.dialect.Dialect - HHH000400: Using dialect: org.hibernate.dialect.MySQL5Dialect
10:37:18.481 [task-1] INFO  org.hibernate.engine.transaction.jta.platform.internal.JtaPlatformInitiator - HHH000490: Using JtaPlatform implementation: [org.hibernate.engine.transaction.jta.platform.internal.NoJtaPlatform]
10:37:18.489 [task-1] INFO  org.springframework.orm.jpa.LocalContainerEntityManagerFactoryBean - Initialized JPA EntityManagerFactory for persistence unit 'default'
10:37:18.509 [task-2] INFO  org.springframework.boot.devtools.autoconfigure.OptionalLiveReloadServer - LiveReload server is running on port 35729
10:37:18.560 [restartedMain] INFO  org.quartz.impl.StdSchedulerFactory - Using default implementation for ThreadExecutor
10:37:18.572 [restartedMain] INFO  org.quartz.core.SchedulerSignalerImpl - Initialized Scheduler Signaller of type: class org.quartz.core.SchedulerSignalerImpl
10:37:18.572 [restartedMain] INFO  org.quartz.core.QuartzScheduler - Quartz Scheduler v.2.3.2 created.
10:37:18.573 [restartedMain] INFO  org.quartz.simpl.RAMJobStore - RAMJobStore initialized.
10:37:18.574 [restartedMain] INFO  org.quartz.core.QuartzScheduler - Scheduler meta-data: Quartz Scheduler (v2.3.2) 'quartzScheduler' with instanceId 'NON_CLUSTERED'
  Scheduler class: 'org.quartz.core.QuartzScheduler' - running locally.
  NOT STARTED.
  Currently in standby mode.
  Number of jobs executed: 0
  Using thread pool 'org.quartz.simpl.SimpleThreadPool' - with 10 threads.
  Using job-store 'org.quartz.simpl.RAMJobStore' - which does not support persistence. and is not clustered.

10:37:18.574 [restartedMain] INFO  org.quartz.impl.StdSchedulerFactory - Quartz scheduler 'quartzScheduler' initialized from an externally provided properties instance.
10:37:18.574 [restartedMain] INFO  org.quartz.impl.StdSchedulerFactory - Quartz scheduler version: 2.3.2
10:37:18.574 [restartedMain] INFO  org.quartz.core.QuartzScheduler - JobFactory set to: org.springframework.scheduling.quartz.SpringBeanJobFactory@30274356
10:37:18.601 [restartedMain] INFO  org.springframework.boot.actuate.endpoint.web.EndpointLinksResolver - Exposing 2 endpoint(s) beneath base path '/actuator'
10:37:18.680 [restartedMain] INFO  org.apache.coyote.http11.Http11NioProtocol - Starting ProtocolHandler ["http-nio-9999"]
10:37:18.702 [restartedMain] INFO  org.springframework.boot.web.embedded.tomcat.TomcatWebServer - Tomcat started on port(s): 9999 (http) with context path ''
10:37:18.703 [restartedMain] INFO  org.springframework.scheduling.quartz.SchedulerFactoryBean - Starting Quartz Scheduler now
10:37:18.703 [restartedMain] INFO  org.quartz.core.QuartzScheduler - Scheduler quartzScheduler_$_NON_CLUSTERED started.
10:37:18.704 [restartedMain] INFO  org.springframework.data.repository.config.DeferredRepositoryInitializationListener - Triggering deferred initialization of Spring Data repositories…
10:37:18.704 [restartedMain] INFO  org.springframework.data.repository.config.DeferredRepositoryInitializationListener - Spring Data repositories initialized!
10:37:18.716 [restartedMain] INFO  com.hh.perman.PermanApplication - Started PermanApplication in 4.55 seconds (JVM running for 7.057)
10:37:19.845 [RMI TCP Connection(3)-172.23.135.3] INFO  org.springframework.amqp.rabbit.connection.CachingConnectionFactory - Attempting to connect to: [localhost:5672]
10:37:19.848 [RMI TCP Connection(1)-172.23.135.3] INFO  org.apache.catalina.core.ContainerBase.[Tomcat].[localhost].[/] - Initializing Spring DispatcherServlet 'dispatcherServlet'
10:37:19.848 [RMI TCP Connection(1)-172.23.135.3] INFO  org.springframework.web.servlet.DispatcherServlet - Initializing Servlet 'dispatcherServlet'
10:37:19.856 [RMI TCP Connection(1)-172.23.135.3] INFO  org.springframework.web.servlet.DispatcherServlet - Completed initialization in 8 ms
10:37:23.879 [RMI TCP Connection(3)-172.23.135.3] WARN  org.springframework.boot.actuate.amqp.RabbitHealthIndicator - Rabbit health check failed
org.springframework.amqp.AmqpConnectException: java.net.ConnectException: Connection refused: connect
	at org.springframework.amqp.rabbit.support.RabbitExceptionTranslator.convertRabbitAccessException(RabbitExceptionTranslator.java:61) ~[spring-rabbit-2.2.7.RELEASE.jar:2.2.7.RELEASE]
	at org.springframework.amqp.rabbit.connection.AbstractConnectionFactory.createBareConnection(AbstractConnectionFactory.java:524) ~[spring-rabbit-2.2.7.RELEASE.jar:2.2.7.RELEASE]
	at org.springframework.amqp.rabbit.connection.CachingConnectionFactory.createConnection(CachingConnectionFactory.java:751) ~[spring-rabbit-2.2.7.RELEASE.jar:2.2.7.RELEASE]
	at org.springframework.amqp.rabbit.connection.ConnectionFactoryUtils.createConnection(ConnectionFactoryUtils.java:214) ~[spring-rabbit-2.2.7.RELEASE.jar:2.2.7.RELEASE]
	at org.springframework.amqp.rabbit.core.RabbitTemplate.doExecute(RabbitTemplate.java:2089) ~[spring-rabbit-2.2.7.RELEASE.jar:2.2.7.RELEASE]
	at org.springframework.amqp.rabbit.core.RabbitTemplate.execute(RabbitTemplate.java:2062) ~[spring-rabbit-2.2.7.RELEASE.jar:2.2.7.RELEASE]
	at org.springframework.amqp.rabbit.core.RabbitTemplate.execute(RabbitTemplate.java:2042) ~[spring-rabbit-2.2.7.RELEASE.jar:2.2.7.RELEASE]
	at org.springframework.boot.actuate.amqp.RabbitHealthIndicator.getVersion(RabbitHealthIndicator.java:49) ~[spring-boot-actuator-2.3.1.RELEASE.jar:2.3.1.RELEASE]
	at org.springframework.boot.actuate.amqp.RabbitHealthIndicator.doHealthCheck(RabbitHealthIndicator.java:44) ~[spring-boot-actuator-2.3.1.RELEASE.jar:2.3.1.RELEASE]
	at org.springframework.boot.actuate.health.AbstractHealthIndicator.health(AbstractHealthIndicator.java:82) ~[spring-boot-actuator-2.3.1.RELEASE.jar:2.3.1.RELEASE]
	at org.springframework.boot.actuate.health.HealthIndicator.getHealth(HealthIndicator.java:37) ~[spring-boot-actuator-2.3.1.RELEASE.jar:2.3.1.RELEASE]
	at org.springframework.boot.actuate.health.HealthEndpoint.getHealth(HealthEndpoint.java:71) ~[spring-boot-actuator-2.3.1.RELEASE.jar:2.3.1.RELEASE]
	at org.springframework.boot.actuate.health.HealthEndpoint.getHealth(HealthEndpoint.java:39) ~[spring-boot-actuator-2.3.1.RELEASE.jar:2.3.1.RELEASE]
	at org.springframework.boot.actuate.health.HealthEndpointSupport.getContribution(HealthEndpointSupport.java:99) ~[spring-boot-actuator-2.3.1.RELEASE.jar:2.3.1.RELEASE]
	at org.springframework.boot.actuate.health.HealthEndpointSupport.getAggregateHealth(HealthEndpointSupport.java:110) ~[spring-boot-actuator-2.3.1.RELEASE.jar:2.3.1.RELEASE]
	at org.springframework.boot.actuate.health.HealthEndpointSupport.getContribution(HealthEndpointSupport.java:96) ~[spring-boot-actuator-2.3.1.RELEASE.jar:2.3.1.RELEASE]
	at org.springframework.boot.actuate.health.HealthEndpointSupport.getHealth(HealthEndpointSupport.java:74) ~[spring-boot-actuator-2.3.1.RELEASE.jar:2.3.1.RELEASE]
	at org.springframework.boot.actuate.health.HealthEndpointSupport.getHealth(HealthEndpointSupport.java:61) ~[spring-boot-actuator-2.3.1.RELEASE.jar:2.3.1.RELEASE]
	at org.springframework.boot.actuate.health.HealthEndpoint.health(HealthEndpoint.java:65) ~[spring-boot-actuator-2.3.1.RELEASE.jar:2.3.1.RELEASE]
	at org.springframework.boot.actuate.health.HealthEndpoint.health(HealthEndpoint.java:55) ~[spring-boot-actuator-2.3.1.RELEASE.jar:2.3.1.RELEASE]
	at sun.reflect.NativeMethodAccessorImpl.invoke0(Native Method) ~[?:1.8.0_191]
	at sun.reflect.NativeMethodAccessorImpl.invoke(NativeMethodAccessorImpl.java:62) ~[?:1.8.0_191]
	at sun.reflect.DelegatingMethodAccessorImpl.invoke(DelegatingMethodAccessorImpl.java:43) ~[?:1.8.0_191]
	at java.lang.reflect.Method.invoke(Method.java:498) ~[?:1.8.0_191]
	at org.springframework.util.ReflectionUtils.invokeMethod(ReflectionUtils.java:282) ~[spring-core-5.2.7.RELEASE.jar:5.2.7.RELEASE]
	at org.springframework.boot.actuate.endpoint.invoke.reflect.ReflectiveOperationInvoker.invoke(ReflectiveOperationInvoker.java:77) ~[spring-boot-actuator-2.3.1.RELEASE.jar:2.3.1.RELEASE]
	at org.springframework.boot.actuate.endpoint.annotation.AbstractDiscoveredOperation.invoke(AbstractDiscoveredOperation.java:60) ~[spring-boot-actuator-2.3.1.RELEASE.jar:2.3.1.RELEASE]
	at org.springframework.boot.actuate.endpoint.jmx.EndpointMBean.invoke(EndpointMBean.java:121) ~[spring-boot-actuator-2.3.1.RELEASE.jar:2.3.1.RELEASE]
	at org.springframework.boot.actuate.endpoint.jmx.EndpointMBean.invoke(EndpointMBean.java:96) ~[spring-boot-actuator-2.3.1.RELEASE.jar:2.3.1.RELEASE]
	at com.sun.jmx.interceptor.DefaultMBeanServerInterceptor.invoke(DefaultMBeanServerInterceptor.java:819) ~[?:1.8.0_191]
	at com.sun.jmx.mbeanserver.JmxMBeanServer.invoke(JmxMBeanServer.java:801) ~[?:1.8.0_191]
	at javax.management.remote.rmi.RMIConnectionImpl.doOperation(RMIConnectionImpl.java:1468) ~[?:1.8.0_191]
	at javax.management.remote.rmi.RMIConnectionImpl.access$300(RMIConnectionImpl.java:76) ~[?:1.8.0_191]
	at javax.management.remote.rmi.RMIConnectionImpl$PrivilegedOperation.run(RMIConnectionImpl.java:1309) ~[?:1.8.0_191]
	at javax.management.remote.rmi.RMIConnectionImpl.doPrivilegedOperation(RMIConnectionImpl.java:1401) ~[?:1.8.0_191]
	at javax.management.remote.rmi.RMIConnectionImpl.invoke(RMIConnectionImpl.java:829) ~[?:1.8.0_191]
	at sun.reflect.NativeMethodAccessorImpl.invoke0(Native Method) ~[?:1.8.0_191]
	at sun.reflect.NativeMethodAccessorImpl.invoke(NativeMethodAccessorImpl.java:62) ~[?:1.8.0_191]
	at sun.reflect.DelegatingMethodAccessorImpl.invoke(DelegatingMethodAccessorImpl.java:43) ~[?:1.8.0_191]
	at java.lang.reflect.Method.invoke(Method.java:498) ~[?:1.8.0_191]
	at sun.rmi.server.UnicastServerRef.dispatch(UnicastServerRef.java:357) ~[?:1.8.0_191]
	at sun.rmi.transport.Transport$1.run(Transport.java:200) ~[?:1.8.0_191]
	at sun.rmi.transport.Transport$1.run(Transport.java:197) ~[?:1.8.0_191]
	at java.security.AccessController.doPrivileged(Native Method) ~[?:1.8.0_191]
	at sun.rmi.transport.Transport.serviceCall(Transport.java:196) ~[?:1.8.0_191]
	at sun.rmi.transport.tcp.TCPTransport.handleMessages(TCPTransport.java:573) ~[?:1.8.0_191]
	at sun.rmi.transport.tcp.TCPTransport$ConnectionHandler.run0(TCPTransport.java:834) ~[?:1.8.0_191]
	at sun.rmi.transport.tcp.TCPTransport$ConnectionHandler.lambda$run$0(TCPTransport.java:688) ~[?:1.8.0_191]
	at java.security.AccessController.doPrivileged(Native Method) ~[?:1.8.0_191]
	at sun.rmi.transport.tcp.TCPTransport$ConnectionHandler.run(TCPTransport.java:687) [?:1.8.0_191]
	at java.util.concurrent.ThreadPoolExecutor.runWorker(ThreadPoolExecutor.java:1149) [?:1.8.0_191]
	at java.util.concurrent.ThreadPoolExecutor$Worker.run(ThreadPoolExecutor.java:624) [?:1.8.0_191]
	at java.lang.Thread.run(Thread.java:748) [?:1.8.0_191]
Caused by: java.net.ConnectException: Connection refused: connect
	at java.net.DualStackPlainSocketImpl.waitForConnect(Native Method) ~[?:1.8.0_191]
	at java.net.DualStackPlainSocketImpl.socketConnect(DualStackPlainSocketImpl.java:85) ~[?:1.8.0_191]
	at java.net.AbstractPlainSocketImpl.doConnect(AbstractPlainSocketImpl.java:350) ~[?:1.8.0_191]
	at java.net.AbstractPlainSocketImpl.connectToAddress(AbstractPlainSocketImpl.java:206) ~[?:1.8.0_191]
	at java.net.AbstractPlainSocketImpl.connect(AbstractPlainSocketImpl.java:188) ~[?:1.8.0_191]
	at java.net.PlainSocketImpl.connect(PlainSocketImpl.java:172) ~[?:1.8.0_191]
	at java.net.SocksSocketImpl.connect(SocksSocketImpl.java:392) ~[?:1.8.0_191]
	at java.net.Socket.connect(Socket.java:589) ~[?:1.8.0_191]
	at com.rabbitmq.client.impl.SocketFrameHandlerFactory.create(SocketFrameHandlerFactory.java:60) ~[amqp-client-5.9.0.jar:5.9.0]
	at com.rabbitmq.client.ConnectionFactory.newConnection(ConnectionFactory.java:1137) ~[amqp-client-5.9.0.jar:5.9.0]
	at com.rabbitmq.client.ConnectionFactory.newConnection(ConnectionFactory.java:1087) ~[amqp-client-5.9.0.jar:5.9.0]
	at org.springframework.amqp.rabbit.connection.AbstractConnectionFactory.connectAddresses(AbstractConnectionFactory.java:560) ~[spring-rabbit-2.2.7.RELEASE.jar:2.2.7.RELEASE]
	at org.springframework.amqp.rabbit.connection.AbstractConnectionFactory.connect(AbstractConnectionFactory.java:533) ~[spring-rabbit-2.2.7.RELEASE.jar:2.2.7.RELEASE]
	at org.springframework.amqp.rabbit.connection.AbstractConnectionFactory.createBareConnection(AbstractConnectionFactory.java:487) ~[spring-rabbit-2.2.7.RELEASE.jar:2.2.7.RELEASE]
	... 51 more
